<?xml version="1.0" encoding="UTF-8"?>
<!-- Generated by org.testng.reporters.JUnitReportReporter -->
<testsuite hostname="STIPL-GAMD0176" failures="0" tests="2" name="tests.TestDemo" time="1.810" errors="0" timestamp="2024-12-17T20:44:29 IST" skipped="0">
  <testcase classname="tests.TestDemo" name="test_2" time="0.788"/>
  <system-out/>
  <testcase classname="tests.TestDemo" name="test_1" time="1.022"/>
  <system-out/>
</testsuite> <!-- tests.TestDemo -->
