<?xml version="1.0" encoding="UTF-8"?>
<!-- Generated by org.testng.reporters.JUnitReportReporter -->
<testsuite hostname="STIPL-GAMD0176" failures="0" tests="1" name="tests.TestDemo" time="0.003" errors="0" timestamp="2024-12-17T19:47:45 IST" skipped="0">
  <testcase classname="tests.TestDemo" name="test_1" time="0.003"/>
</testsuite> <!-- tests.TestDemo -->
